f:\iu\cpp\bifrostcalculatorapp\bifrostcalculatorapp\x64\debug\bifrostcalculatorapp.pch
f:\iu\cpp\bifrostcalculatorapp\bifrostcalculatorapp\x64\debug\vc143.pdb
f:\iu\cpp\bifrostcalculatorapp\bifrostcalculatorapp\x64\debug\pch.obj
f:\iu\cpp\bifrostcalculatorapp\bifrostcalculatorapp\x64\debug\.netframework,version=v4.7.2.assemblyattributes.obj
f:\iu\cpp\bifrostcalculatorapp\bifrostcalculatorapp\x64\debug\bifrost.obj
f:\iu\cpp\bifrostcalculatorapp\bifrostcalculatorapp\x64\debug\calculatorform.obj
f:\iu\cpp\bifrostcalculatorapp\bifrostcalculatorapp\x64\debug\bifrostcalculatorapp.obj
f:\iu\cpp\bifrostcalculatorapp\bifrostcalculatorapp\x64\debug\assemblyinfo.obj
f:\iu\cpp\bifrostcalculatorapp\x64\debug\bifrostcalculatorapp.exe
f:\iu\cpp\bifrostcalculatorapp\x64\debug\bifrostcalculatorapp.pdb
f:\iu\cpp\bifrostcalculatorapp\bifrostcalculatorapp\x64\debug\app.res
f:\iu\cpp\bifrostcalculatorapp\bifrostcalculatorapp\x64\debug\bifrostc.1449a825.tlog\cl.command.1.tlog
f:\iu\cpp\bifrostcalculatorapp\bifrostcalculatorapp\x64\debug\bifrostc.1449a825.tlog\cl.items.tlog
f:\iu\cpp\bifrostcalculatorapp\bifrostcalculatorapp\x64\debug\bifrostc.1449a825.tlog\cl.read.1.tlog
f:\iu\cpp\bifrostcalculatorapp\bifrostcalculatorapp\x64\debug\bifrostc.1449a825.tlog\cl.write.1.tlog
f:\iu\cpp\bifrostcalculatorapp\bifrostcalculatorapp\x64\debug\bifrostc.1449a825.tlog\link.command.1.tlog
f:\iu\cpp\bifrostcalculatorapp\bifrostcalculatorapp\x64\debug\bifrostc.1449a825.tlog\link.read.1.tlog
f:\iu\cpp\bifrostcalculatorapp\bifrostcalculatorapp\x64\debug\bifrostc.1449a825.tlog\link.secondary.1.tlog
f:\iu\cpp\bifrostcalculatorapp\bifrostcalculatorapp\x64\debug\bifrostc.1449a825.tlog\link.write.1.tlog
f:\iu\cpp\bifrostcalculatorapp\bifrostcalculatorapp\x64\debug\bifrostc.1449a825.tlog\metagen.read.1.tlog
f:\iu\cpp\bifrostcalculatorapp\bifrostcalculatorapp\x64\debug\bifrostc.1449a825.tlog\metagen.write.1.tlog
f:\iu\cpp\bifrostcalculatorapp\bifrostcalculatorapp\x64\debug\bifrostc.1449a825.tlog\rc.command.1.tlog
f:\iu\cpp\bifrostcalculatorapp\bifrostcalculatorapp\x64\debug\bifrostc.1449a825.tlog\rc.read.1.tlog
f:\iu\cpp\bifrostcalculatorapp\bifrostcalculatorapp\x64\debug\bifrostc.1449a825.tlog\rc.write.1.tlog
f:\iu\cpp\bifrostcalculatorapp\bifrostcalculatorapp\x64\debug\bifrostc.1449a825.tlog\resgen.command.1.tlog
f:\iu\cpp\bifrostcalculatorapp\bifrostcalculatorapp\x64\debug\bifrostc.1449a825.tlog\resgen.read.1.tlog
f:\iu\cpp\bifrostcalculatorapp\bifrostcalculatorapp\x64\debug\bifrostc.1449a825.tlog\resgen.write.1.tlog
