f:\iu\cpp\bifrostcalculatorapp\bifrostcalculatorapp\x64\prod\bifrostcalculatorapp.pch
f:\iu\cpp\bifrostcalculatorapp\bifrostcalculatorapp\x64\prod\vc143.pdb
f:\iu\cpp\bifrostcalculatorapp\bifrostcalculatorapp\x64\prod\pch.obj
f:\iu\cpp\bifrostcalculatorapp\bifrostcalculatorapp\x64\prod\.netframework,version=v4.7.2.assemblyattributes.obj
f:\iu\cpp\bifrostcalculatorapp\bifrostcalculatorapp\x64\prod\bifrost.obj
f:\iu\cpp\bifrostcalculatorapp\bifrostcalculatorapp\x64\prod\calculatorform.obj
f:\iu\cpp\bifrostcalculatorapp\bifrostcalculatorapp\x64\prod\bifrostcalculatorapp.obj
f:\iu\cpp\bifrostcalculatorapp\bifrostcalculatorapp\x64\prod\assemblyinfo.obj
f:\iu\cpp\bifrostcalculatorapp\x64\prod\bifrostcalculatorapp.exe
f:\iu\cpp\bifrostcalculatorapp\x64\prod\bifrostcalculatorapp.pdb
f:\iu\cpp\bifrostcalculatorapp\bifrostcalculatorapp\x64\prod\app.res
f:\iu\cpp\bifrostcalculatorapp\bifrostcalculatorapp\x64\prod\bifrostc.1449a825.tlog\cl.command.1.tlog
f:\iu\cpp\bifrostcalculatorapp\bifrostcalculatorapp\x64\prod\bifrostc.1449a825.tlog\cl.items.tlog
f:\iu\cpp\bifrostcalculatorapp\bifrostcalculatorapp\x64\prod\bifrostc.1449a825.tlog\cl.read.1.tlog
f:\iu\cpp\bifrostcalculatorapp\bifrostcalculatorapp\x64\prod\bifrostc.1449a825.tlog\cl.write.1.tlog
f:\iu\cpp\bifrostcalculatorapp\bifrostcalculatorapp\x64\prod\bifrostc.1449a825.tlog\link.command.1.tlog
f:\iu\cpp\bifrostcalculatorapp\bifrostcalculatorapp\x64\prod\bifrostc.1449a825.tlog\link.read.1.tlog
f:\iu\cpp\bifrostcalculatorapp\bifrostcalculatorapp\x64\prod\bifrostc.1449a825.tlog\link.secondary.1.tlog
f:\iu\cpp\bifrostcalculatorapp\bifrostcalculatorapp\x64\prod\bifrostc.1449a825.tlog\link.write.1.tlog
f:\iu\cpp\bifrostcalculatorapp\bifrostcalculatorapp\x64\prod\bifrostc.1449a825.tlog\metagen.read.1.tlog
f:\iu\cpp\bifrostcalculatorapp\bifrostcalculatorapp\x64\prod\bifrostc.1449a825.tlog\metagen.write.1.tlog
f:\iu\cpp\bifrostcalculatorapp\bifrostcalculatorapp\x64\prod\bifrostc.1449a825.tlog\rc.command.1.tlog
f:\iu\cpp\bifrostcalculatorapp\bifrostcalculatorapp\x64\prod\bifrostc.1449a825.tlog\rc.read.1.tlog
f:\iu\cpp\bifrostcalculatorapp\bifrostcalculatorapp\x64\prod\bifrostc.1449a825.tlog\rc.write.1.tlog
f:\iu\cpp\bifrostcalculatorapp\bifrostcalculatorapp\x64\prod\bifrostc.1449a825.tlog\resgen.command.1.tlog
f:\iu\cpp\bifrostcalculatorapp\bifrostcalculatorapp\x64\prod\bifrostc.1449a825.tlog\resgen.read.1.tlog
f:\iu\cpp\bifrostcalculatorapp\bifrostcalculatorapp\x64\prod\bifrostc.1449a825.tlog\resgen.write.1.tlog
