f:\iu\c_cppcourse\calculatorproject\bifrostcalculatorapp\bifrostcalculatorapp\debug\bifrostcalculatorapp.pch
f:\iu\c_cppcourse\calculatorproject\bifrostcalculatorapp\bifrostcalculatorapp\debug\vc143.pdb
f:\iu\c_cppcourse\calculatorproject\bifrostcalculatorapp\bifrostcalculatorapp\debug\pch.obj
f:\iu\c_cppcourse\calculatorproject\bifrostcalculatorapp\bifrostcalculatorapp\debug\.netframework,version=v4.7.2.assemblyattributes.obj
f:\iu\c_cppcourse\calculatorproject\bifrostcalculatorapp\bifrostcalculatorapp\debug\bifrost.obj
f:\iu\c_cppcourse\calculatorproject\bifrostcalculatorapp\bifrostcalculatorapp\debug\calculatorform.obj
f:\iu\c_cppcourse\calculatorproject\bifrostcalculatorapp\bifrostcalculatorapp\debug\bifrostcalculatorapp.obj
f:\iu\c_cppcourse\calculatorproject\bifrostcalculatorapp\bifrostcalculatorapp\debug\assemblyinfo.obj
f:\iu\c_cppcourse\calculatorproject\bifrostcalculatorapp\bifrostcalculatorapp\debug\app.res
f:\iu\c_cppcourse\calculatorproject\bifrostcalculatorapp\debug\bifrostcalculatorapp.exe
f:\iu\c_cppcourse\calculatorproject\bifrostcalculatorapp\bifrostcalculatorapp\debug\bifrostcalculatorapp.vcxproj.assemblyreference.cache
f:\iu\c_cppcourse\calculatorproject\bifrostcalculatorapp\bifrostcalculatorapp\debug\bifrostcalculatorapp.vcxproj.generateresource.cache
f:\iu\c_cppcourse\calculatorproject\bifrostcalculatorapp\bifrostcalculatorapp\debug\bifrostcalculatorapp.calculatorform.resources
f:\iu\c_cppcourse\calculatorproject\bifrostcalculatorapp\debug\bifrostcalculatorapp.pdb
f:\iu\c_cppcourse\calculatorproject\bifrostcalculatorapp\bifrostcalculatorapp\debug\bifrostc.1449a825.tlog\cl.command.1.tlog
f:\iu\c_cppcourse\calculatorproject\bifrostcalculatorapp\bifrostcalculatorapp\debug\bifrostc.1449a825.tlog\cl.read.1.tlog
f:\iu\c_cppcourse\calculatorproject\bifrostcalculatorapp\bifrostcalculatorapp\debug\bifrostc.1449a825.tlog\cl.write.1.tlog
f:\iu\c_cppcourse\calculatorproject\bifrostcalculatorapp\bifrostcalculatorapp\debug\bifrostc.1449a825.tlog\link.command.1.tlog
f:\iu\c_cppcourse\calculatorproject\bifrostcalculatorapp\bifrostcalculatorapp\debug\bifrostc.1449a825.tlog\link.read.1.tlog
f:\iu\c_cppcourse\calculatorproject\bifrostcalculatorapp\bifrostcalculatorapp\debug\bifrostc.1449a825.tlog\link.write.1.tlog
f:\iu\c_cppcourse\calculatorproject\bifrostcalculatorapp\bifrostcalculatorapp\debug\bifrostc.1449a825.tlog\metagen.read.1.tlog
f:\iu\c_cppcourse\calculatorproject\bifrostcalculatorapp\bifrostcalculatorapp\debug\bifrostc.1449a825.tlog\metagen.write.1.tlog
f:\iu\c_cppcourse\calculatorproject\bifrostcalculatorapp\bifrostcalculatorapp\debug\bifrostc.1449a825.tlog\rc.command.1.tlog
f:\iu\c_cppcourse\calculatorproject\bifrostcalculatorapp\bifrostcalculatorapp\debug\bifrostc.1449a825.tlog\rc.read.1.tlog
f:\iu\c_cppcourse\calculatorproject\bifrostcalculatorapp\bifrostcalculatorapp\debug\bifrostc.1449a825.tlog\rc.write.1.tlog
f:\iu\c_cppcourse\calculatorproject\bifrostcalculatorapp\bifrostcalculatorapp\debug\bifrostc.1449a825.tlog\resgen.command.1.tlog
f:\iu\c_cppcourse\calculatorproject\bifrostcalculatorapp\bifrostcalculatorapp\debug\bifrostc.1449a825.tlog\resgen.read.1.tlog
f:\iu\c_cppcourse\calculatorproject\bifrostcalculatorapp\bifrostcalculatorapp\debug\bifrostc.1449a825.tlog\resgen.write.1.tlog
